{
  "RSpec": {
    "coverage": {
      "/Users/joechirchirillo/Desktop/3_Mod/projects/consultancy/poke_gochi_api/app/models/trainer.rb": {
        "lines": [
          1,
          1,
          1,
          null
        ]
      },
      "/Users/joechirchirillo/Desktop/3_Mod/projects/consultancy/poke_gochi_api/app/models/application_record.rb": {
        "lines": [
          1,
          1,
          null
        ]
      },
      "/Users/joechirchirillo/Desktop/3_Mod/projects/consultancy/poke_gochi_api/app/models/pokemon.rb": {
        "lines": [
          1,
          1,
          null,
          1,
          1,
          1,
          1,
          1,
          1,
          1,
          1,
          1,
          1,
          1,
          null,
          1,
          2,
          1,
          1,
          null,
          null,
          null,
          null,
          null,
          null,
          null,
          null,
          null,
          null,
          null,
          null,
          null,
          null,
          1,
          1,
          null,
          null,
          null
        ]
      },
      "/Users/joechirchirillo/Desktop/3_Mod/projects/consultancy/poke_gochi_api/app/controllers/api/v1/trainers/pokemons_controller.rb": {
        "lines": [
          1,
          null,
          1,
          null,
          2,
          1,
          null,
          1,
          1,
          1,
          null,
          null,
          null,
          1,
          2,
          2,
          null,
          2,
          1,
          1,
          1,
          null,
          null,
          null,
          1,
          null,
          2,
          2,
          null,
          2,
          2,
          0,
          0,
          null,
          null,
          null,
          null,
          null,
          1,
          null,
          1,
          6,
          null,
          null,
          null
        ]
      },
      "/Users/joechirchirillo/Desktop/3_Mod/projects/consultancy/poke_gochi_api/app/controllers/application_controller.rb": {
        "lines": [
          1,
          null
        ]
      },
      "/Users/joechirchirillo/Desktop/3_Mod/projects/consultancy/poke_gochi_api/app/serializers/pokemon_serializer.rb": {
        "lines": [
          1,
          1,
          1,
          null,
          null,
          null,
          null,
          null,
          null,
          null,
          null,
          null,
          null,
          null,
          null
        ]
      },
      "/Users/joechirchirillo/Desktop/3_Mod/projects/consultancy/poke_gochi_api/app/services/poke_api_service.rb": {
        "lines": [
          1,
          1,
          null,
          1,
          2,
          2,
          null,
          null,
          1,
          1,
          1,
          null,
          null,
          null
        ]
      },
      "/Users/joechirchirillo/Desktop/3_Mod/projects/consultancy/poke_gochi_api/app/serializers/error_serializer.rb": {
        "lines": [
          1,
          1,
          null,
          2,
          null,
          null,
          null,
          null
        ]
      }
    },
    "timestamp": 1730663726
  }
}
